[18-Nov-2016 01:57:36 UTC] PHP Fatal error:  Class 'SlackBot' not found in /home/ubuntu/workspace/app/Http/Controllers/SlackController.php on line 19
[18-Nov-2016 01:57:38 UTC] PHP Fatal error:  Class 'SlackBot' not found in /home/ubuntu/workspace/app/Http/Controllers/SlackController.php on line 19
[18-Nov-2016 01:57:44 UTC] PHP Fatal error:  Class 'SlackBot' not found in /home/ubuntu/workspace/app/Http/Controllers/SlackController.php on line 19
[18-Nov-2016 01:58:17 UTC] PHP Fatal error:  Class 'SlackBot' not found in /home/ubuntu/workspace/app/Http/Controllers/SlackController.php on line 20
[18-Nov-2016 01:58:19 UTC] PHP Fatal error:  Class 'SlackBot' not found in /home/ubuntu/workspace/app/Http/Controllers/SlackController.php on line 20
[18-Nov-2016 02:00:01 UTC] PHP Fatal error:  Class 'SlackBot' not found in /home/ubuntu/workspace/app/Http/Controllers/SlackController.php on line 19
[18-Nov-2016 02:00:03 UTC] PHP Fatal error:  Class 'SlackBot' not found in /home/ubuntu/workspace/app/Http/Controllers/SlackController.php on line 19
[18-Nov-2016 02:00:49 UTC] PHP Fatal error:  Class 'SlackBot' not found in /home/ubuntu/workspace/app/Http/Controllers/SlackController.php on line 19
[18-Nov-2016 04:43:07 UTC] PHP Parse error:  syntax error, unexpected ')', expecting '{' in /home/ubuntu/workspace/app/Http/Controllers/SlackController.php on line 36
[18-Nov-2016 04:43:08 UTC] PHP Parse error:  syntax error, unexpected ')', expecting '{' in /home/ubuntu/workspace/app/Http/Controllers/SlackController.php on line 36
[18-Nov-2016 04:43:10 UTC] PHP Parse error:  syntax error, unexpected ')', expecting '{' in /home/ubuntu/workspace/app/Http/Controllers/SlackController.php on line 36
[18-Nov-2016 04:43:35 UTC] PHP Parse error:  syntax error, unexpected ')', expecting '{' in /home/ubuntu/workspace/app/Http/Controllers/SlackController.php on line 36
[18-Nov-2016 05:15:07 UTC] PHP Parse error:  syntax error, unexpected '.' in /home/ubuntu/workspace/app/Http/Controllers/MessageConversation.php on line 17
[18-Nov-2016 05:15:09 UTC] PHP Parse error:  syntax error, unexpected '.' in /home/ubuntu/workspace/app/Http/Controllers/MessageConversation.php on line 17
[18-Nov-2016 06:17:21 UTC] PHP Fatal error:  Call to undefined function isEmail() in /home/ubuntu/workspace/vendor/jeremeamia/SuperClosure/src/SerializableClosure.php(210) : eval()'d code on line 4
[18-Nov-2016 13:20:07 UTC] PHP Fatal error:  Class 'App\Http\Controllers\Mail' not found in /home/ubuntu/workspace/app/Http/Controllers/MessageConversation.php on line 46
[18-Nov-2016 13:31:41 UTC] PHP Parse error:  syntax error, unexpected 'text' (T_STRING), expecting variable (T_VARIABLE) in /home/ubuntu/workspace/app/Mail/AlertrEmail.php on line 14
[19-Nov-2016 11:25:27 UTC] PHP Parse error:  syntax error, unexpected '/=' (T_DIV_EQUAL) in /home/ubuntu/workspace/app/Http/Controllers/MessageConversation.php on line 80
[19-Nov-2016 11:25:28 UTC] PHP Parse error:  syntax error, unexpected '/=' (T_DIV_EQUAL) in /home/ubuntu/workspace/app/Http/Controllers/MessageConversation.php on line 80
[19-Nov-2016 11:27:11 UTC] PHP Parse error:  syntax error, unexpected '(' in /home/ubuntu/workspace/app/Http/Controllers/MessageConversation.php on line 80
[19-Nov-2016 11:41:44 UTC] PHP Fatal error:  Call to undefined method App\Http\Controllers\MessageConversation::reply() in /home/ubuntu/workspace/app/Http/Controllers/MessageConversation.php on line 28
[19-Nov-2016 11:41:45 UTC] PHP Fatal error:  Call to undefined method App\Http\Controllers\MessageConversation::reply() in /home/ubuntu/workspace/app/Http/Controllers/MessageConversation.php on line 28
[19-Nov-2016 11:42:18 UTC] PHP Fatal error:  Call to undefined method App\Http\Controllers\MessageConversation::respond() in /home/ubuntu/workspace/app/Http/Controllers/MessageConversation.php on line 28
[19-Nov-2016 11:42:18 UTC] PHP Fatal error:  Call to undefined method App\Http\Controllers\MessageConversation::respond() in /home/ubuntu/workspace/app/Http/Controllers/MessageConversation.php on line 28
[19-Nov-2016 11:47:47 UTC] PHP Parse error:  syntax error, unexpected '}' in /home/ubuntu/workspace/app/Http/Controllers/MessageConversation.php on line 35
[19-Nov-2016 11:47:47 UTC] PHP Parse error:  syntax error, unexpected '}' in /home/ubuntu/workspace/app/Http/Controllers/MessageConversation.php on line 35
[19-Nov-2016 12:23:34 UTC] PHP Parse error:  syntax error, unexpected 'public' (T_PUBLIC) in /home/ubuntu/workspace/app/Http/Controllers/MessageConversation.php on line 107
[19-Nov-2016 12:23:36 UTC] PHP Parse error:  syntax error, unexpected 'public' (T_PUBLIC) in /home/ubuntu/workspace/app/Http/Controllers/MessageConversation.php on line 107
[19-Nov-2016 12:37:19 UTC] PHP Parse error:  syntax error, unexpected ')' in /home/ubuntu/workspace/app/Http/Controllers/MessageConversation.php on line 111
[19-Nov-2016 12:37:19 UTC] PHP Parse error:  syntax error, unexpected ')' in /home/ubuntu/workspace/app/Http/Controllers/MessageConversation.php on line 111
[20-Nov-2016 01:36:34 UTC] PHP Fatal error:  Call to undefined method Mpociot\SlackBot\Button::stlye() in /home/ubuntu/workspace/app/Http/Controllers/MessageConversation.php on line 28
[20-Nov-2016 01:36:36 UTC] PHP Fatal error:  Call to undefined method Mpociot\SlackBot\Button::stlye() in /home/ubuntu/workspace/app/Http/Controllers/MessageConversation.php on line 28
[20-Nov-2016 01:37:36 UTC] PHP Fatal error:  Call to undefined method Mpociot\SlackBot\Button::stlye() in /home/ubuntu/workspace/app/Http/Controllers/MessageConversation.php on line 28
[20-Nov-2016 01:39:14 UTC] PHP Fatal error:  Call to undefined method Mpociot\SlackBot\Button::stlye() in /home/ubuntu/workspace/app/Http/Controllers/MessageConversation.php on line 28
[20-Nov-2016 01:39:16 UTC] PHP Fatal error:  Call to undefined method Mpociot\SlackBot\Button::stlye() in /home/ubuntu/workspace/app/Http/Controllers/MessageConversation.php on line 28
[20-Nov-2016 04:04:04 UTC] PHP Fatal error:  Class 'App\Http\Controllers\AlertrEmail' not found in /home/ubuntu/workspace/app/Http/Controllers/MessageConversation.php on line 75
[20-Nov-2016 05:19:13 UTC] PHP Fatal error:  Call to undefined method Mpociot\SlackBot\SlackBot::respond() in /home/ubuntu/workspace/app/Http/Controllers/SlackController.php on line 43
[20-Nov-2016 05:19:15 UTC] PHP Fatal error:  Call to undefined method Mpociot\SlackBot\SlackBot::respond() in /home/ubuntu/workspace/app/Http/Controllers/SlackController.php on line 43
